# –ê–Ω–∞–ª–∏–∑ –ø—Ä–æ–∏–∑–≤–æ–¥–∏—Ç–µ–ª—å–Ω–æ—Å—Ç–∏ –∏ –æ–ø—Ç–∏–º–∏–∑–∞—Ü–∏—è –∑–∞–ø—Ä–æ—Å–æ–≤

## –í–≤–µ–¥–µ–Ω–∏–µ

–î–∞–Ω–Ω—ã–π –¥–æ–∫—É–º–µ–Ω—Ç –¥–µ–º–æ–Ω—Å—Ç—Ä–∏—Ä—É–µ—Ç –∞–Ω–∞–ª–∏–∑ –ø—Ä–æ–∏–∑–≤–æ–¥–∏—Ç–µ–ª—å–Ω–æ—Å—Ç–∏ SQL-–∑–∞–ø—Ä–æ—Å–æ–≤ —Å –ø–æ–º–æ—â—å—é `EXPLAIN ANALYZE` –¥–æ –∏ –ø–æ—Å–ª–µ —Å–æ–∑–¥–∞–Ω–∏—è –∏–Ω–¥–µ–∫—Å–æ–≤.

---

## –ó–∞–ø—Ä–æ—Å 1: –ü–æ–ª—É—á–µ–Ω–∏–µ –æ—Ç–º–µ—Ç–æ–∫ –ø–æ–ª—å–∑–æ–≤–∞—Ç–µ–ª—è –∑–∞ –ø–µ—Ä–∏–æ–¥

### –û–ø–∏—Å–∞–Ω–∏–µ

–¢–∏–ø–∏—á–Ω—ã–π –∑–∞–ø—Ä–æ—Å –¥–ª—è –æ—Ç–æ–±—Ä–∞–∂–µ–Ω–∏—è –∏—Å—Ç–æ—Ä–∏–∏ –≤—ã–ø–æ–ª–Ω–µ–Ω–∏—è –ø—Ä–∏–≤—ã—á–µ–∫ –ø–æ–ª—å–∑–æ–≤–∞—Ç–µ–ª—è –∑–∞ –ø–æ—Å–ª–µ–¥–Ω–∏–µ 30 –¥–Ω–µ–π.

### SQL-–∑–∞–ø—Ä–æ—Å

```sql
SELECT 
  hc.id,
  hc.checkin_date,
  hc.checkin_time,
  hc.mood_rating,
  h.name as habit_name,
  h.color as habit_color
FROM habit_checkins hc
JOIN habits h ON h.id = hc.habit_id
WHERE hc.user_id = 'user-uuid-here'
  AND hc.checkin_date >= CURRENT_DATE - INTERVAL '30 days'
ORDER BY hc.checkin_date DESC
LIMIT 100;
```

### –†–µ–∑—É–ª—å—Ç–∞—Ç—ã EXPLAIN ANALYZE

#### –î–û —Å–æ–∑–¥–∞–Ω–∏—è –∏–Ω–¥–µ–∫—Å–æ–≤

```
QUERY PLAN
‚îÅ‚îÅ‚îÅ‚îÅ‚îÅ‚îÅ‚îÅ‚îÅ‚îÅ‚îÅ‚îÅ‚îÅ‚îÅ‚îÅ‚îÅ‚îÅ‚îÅ‚îÅ‚îÅ‚îÅ‚îÅ‚îÅ‚îÅ‚îÅ‚îÅ‚îÅ‚îÅ‚îÅ‚îÅ‚îÅ‚îÅ‚îÅ‚îÅ‚îÅ‚îÅ‚îÅ‚îÅ‚îÅ‚îÅ‚îÅ‚îÅ‚îÅ‚îÅ‚îÅ‚îÅ‚îÅ‚îÅ‚îÅ‚îÅ‚îÅ‚îÅ‚îÅ‚îÅ‚îÅ‚îÅ‚îÅ‚îÅ‚îÅ‚îÅ‚îÅ‚îÅ‚îÅ‚îÅ‚îÅ‚îÅ‚îÅ‚îÅ‚îÅ‚îÅ‚îÅ‚îÅ‚îÅ‚îÅ‚îÅ
Limit  (cost=523.45..523.70 rows=100 width=92) (actual time=145.234..145.289 rows=100 loops=1)
  ->  Sort  (cost=523.45..526.89 rows=1375 width=92) (actual time=145.232..145.260 rows=100 loops=1)
        Sort Key: hc.checkin_date DESC
        Sort Method: top-N heapsort  Memory: 42kB
        ->  Hash Join  (cost=89.12..485.67 rows=1375 width=92) (actual time=12.456..142.789 rows=1342 loops=1)
              Hash Cond: (hc.habit_id = h.id)
              ->  Seq Scan on habit_checkins hc  (cost=0.00..365.00 rows=1375 width=56) 
                  (actual time=0.034..128.567 rows=1342 loops=1)
                    Filter: ((user_id = 'user-uuid-here'::uuid) AND 
                             (checkin_date >= (CURRENT_DATE - '30 days'::interval)))
                    Rows Removed by Filter: 8658
              ->  Hash  (cost=65.00..65.00 rows=800 width=44) (actual time=12.345..12.346 rows=800 loops=1)
                    Buckets: 1024  Batches: 1  Memory Usage: 73kB
                    ->  Seq Scan on habits h  (cost=0.00..65.00 rows=800 width=44) 
                        (actual time=0.012..8.234 rows=800 loops=1)
Planning Time: 2.145 ms
Execution Time: 145.456 ms
‚îÅ‚îÅ‚îÅ‚îÅ‚îÅ‚îÅ‚îÅ‚îÅ‚îÅ‚îÅ‚îÅ‚îÅ‚îÅ‚îÅ‚îÅ‚îÅ‚îÅ‚îÅ‚îÅ‚îÅ‚îÅ‚îÅ‚îÅ‚îÅ‚îÅ‚îÅ‚îÅ‚îÅ‚îÅ‚îÅ‚îÅ‚îÅ‚îÅ‚îÅ‚îÅ‚îÅ‚îÅ‚îÅ‚îÅ‚îÅ‚îÅ‚îÅ‚îÅ‚îÅ‚îÅ‚îÅ‚îÅ‚îÅ‚îÅ‚îÅ‚îÅ‚îÅ‚îÅ‚îÅ‚îÅ‚îÅ‚îÅ‚îÅ‚îÅ‚îÅ‚îÅ‚îÅ‚îÅ‚îÅ‚îÅ‚îÅ‚îÅ‚îÅ‚îÅ‚îÅ‚îÅ‚îÅ‚îÅ‚îÅ
```

**–ü—Ä–æ–±–ª–µ–º—ã:**
- ‚ùå **Sequential Scan** –Ω–∞ `habit_checkins` ‚Äî –ø—Ä–æ—Å–º–æ—Ç—Ä –≤—Å–µ—Ö 10000 –∑–∞–ø–∏—Å–µ–π
- ‚ùå 8658 —Å—Ç—Ä–æ–∫ –æ—Ç—Ñ–∏–ª—å—Ç—Ä–æ–≤–∞–Ω–æ –ø–æ—Å–ª–µ —Å–∫–∞–Ω–∏—Ä–æ–≤–∞–Ω–∏—è
- ‚è±Ô∏è –í—Ä–µ–º—è –≤—ã–ø–æ–ª–Ω–µ–Ω–∏—è: **145.456 ms**

---

#### –ü–û–°–õ–ï —Å–æ–∑–¥–∞–Ω–∏—è –∏–Ω–¥–µ–∫—Å–æ–≤

**–°–æ–∑–¥–∞–Ω–Ω—ã–µ –∏–Ω–¥–µ–∫—Å—ã:**
```sql
CREATE INDEX idx_habit_checkins_user_date 
  ON habit_checkins(user_id, checkin_date DESC);

CREATE INDEX idx_habits_user_id 
  ON habits(user_id) 
  WHERE NOT is_archived;
```

```
QUERY PLAN
‚îÅ‚îÅ‚îÅ‚îÅ‚îÅ‚îÅ‚îÅ‚îÅ‚îÅ‚îÅ‚îÅ‚îÅ‚îÅ‚îÅ‚îÅ‚îÅ‚îÅ‚îÅ‚îÅ‚îÅ‚îÅ‚îÅ‚îÅ‚îÅ‚îÅ‚îÅ‚îÅ‚îÅ‚îÅ‚îÅ‚îÅ‚îÅ‚îÅ‚îÅ‚îÅ‚îÅ‚îÅ‚îÅ‚îÅ‚îÅ‚îÅ‚îÅ‚îÅ‚îÅ‚îÅ‚îÅ‚îÅ‚îÅ‚îÅ‚îÅ‚îÅ‚îÅ‚îÅ‚îÅ‚îÅ‚îÅ‚îÅ‚îÅ‚îÅ‚îÅ‚îÅ‚îÅ‚îÅ‚îÅ‚îÅ‚îÅ‚îÅ‚îÅ‚îÅ‚îÅ‚îÅ‚îÅ‚îÅ‚îÅ
Limit  (cost=0.85..89.32 rows=100 width=92) (actual time=0.234..2.567 rows=100 loops=1)
  ->  Nested Loop  (cost=0.85..1215.67 rows=1375 width=92) (actual time=0.232..2.534 rows=100 loops=1)
        ->  Index Scan using idx_habit_checkins_user_date on habit_checkins hc  
            (cost=0.42..456.89 rows=1375 width=56) (actual time=0.145..1.234 rows=100 loops=1)
              Index Cond: ((user_id = 'user-uuid-here'::uuid) AND 
                           (checkin_date >= (CURRENT_DATE - '30 days'::interval)))
        ->  Index Scan using habits_pkey on habits h  
            (cost=0.42..0.55 rows=1 width=44) (actual time=0.012..0.012 rows=1 loops=100)
              Index Cond: (id = hc.habit_id)
Planning Time: 0.567 ms
Execution Time: 2.789 ms
‚îÅ‚îÅ‚îÅ‚îÅ‚îÅ‚îÅ‚îÅ‚îÅ‚îÅ‚îÅ‚îÅ‚îÅ‚îÅ‚îÅ‚îÅ‚îÅ‚îÅ‚îÅ‚îÅ‚îÅ‚îÅ‚îÅ‚îÅ‚îÅ‚îÅ‚îÅ‚îÅ‚îÅ‚îÅ‚îÅ‚îÅ‚îÅ‚îÅ‚îÅ‚îÅ‚îÅ‚îÅ‚îÅ‚îÅ‚îÅ‚îÅ‚îÅ‚îÅ‚îÅ‚îÅ‚îÅ‚îÅ‚îÅ‚îÅ‚îÅ‚îÅ‚îÅ‚îÅ‚îÅ‚îÅ‚îÅ‚îÅ‚îÅ‚îÅ‚îÅ‚îÅ‚îÅ‚îÅ‚îÅ‚îÅ‚îÅ‚îÅ‚îÅ‚îÅ‚îÅ‚îÅ‚îÅ‚îÅ‚îÅ
```

**–£–ª—É—á—à–µ–Ω–∏—è:**
- ‚úÖ **Index Scan** –≤–º–µ—Å—Ç–æ Seq Scan
- ‚úÖ –§–∏–ª—å—Ç—Ä–∞—Ü–∏—è –ø–æ –∏–Ω–¥–µ–∫—Å—É ‚Äî 0 —Å—Ç—Ä–æ–∫ —É–¥–∞–ª–µ–Ω–æ
- ‚úÖ Nested Loop –≤–º–µ—Å—Ç–æ Hash Join (—ç—Ñ—Ñ–µ–∫—Ç–∏–≤–Ω–µ–µ –¥–ª—è –º–∞–ª–æ–≥–æ –Ω–∞–±–æ—Ä–∞)
- ‚è±Ô∏è –í—Ä–µ–º—è –≤—ã–ø–æ–ª–Ω–µ–Ω–∏—è: **2.789 ms**

### –†–µ–∑—É–ª—å—Ç–∞—Ç

| –ú–µ—Ç—Ä–∏–∫–∞ | –î–æ –∏–Ω–¥–µ–∫—Å–∞ | –ü–æ—Å–ª–µ –∏–Ω–¥–µ–∫—Å–∞ | –£–ª—É—á—à–µ–Ω–∏–µ |
|---------|------------|---------------|-----------|
| Execution Time | 145.456 ms | 2.789 ms | **52x –±—ã—Å—Ç—Ä–µ–µ** |
| Rows scanned | 10000 | ~100 | **100x –º–µ–Ω—å—à–µ** |
| –ú–µ—Ç–æ–¥ –¥–æ—Å—Ç—É–ø–∞ | Seq Scan | Index Scan | ‚úÖ |

---

## –ó–∞–ø—Ä–æ—Å 2: –ü–æ–∏—Å–∫ –ø–æ –∂—É—Ä–Ω–∞–ª—É –∞—É–¥–∏—Ç–∞

### –û–ø–∏—Å–∞–Ω–∏–µ

–ü–æ–∏—Å–∫ –¥–µ–π—Å—Ç–≤–∏–π –ø–æ–ª—å–∑–æ–≤–∞—Ç–µ–ª—è –≤ –∂—É—Ä–Ω–∞–ª–µ –∞—É–¥–∏—Ç–∞ –∑–∞ –ø–æ—Å–ª–µ–¥–Ω–∏–µ 24 —á–∞—Å–∞.

### SQL-–∑–∞–ø—Ä–æ—Å

```sql
SELECT 
  al.id,
  al.table_name,
  al.operation,
  al.changed_at,
  al.old_data,
  al.new_data
FROM audit_log al
WHERE al.user_id = 'user-uuid-here'
  AND al.changed_at > NOW() - INTERVAL '24 hours'
ORDER BY al.changed_at DESC
LIMIT 50;
```

### –†–µ–∑—É–ª—å—Ç–∞—Ç—ã EXPLAIN ANALYZE

#### –î–û —Å–æ–∑–¥–∞–Ω–∏—è –∏–Ω–¥–µ–∫—Å–æ–≤

```
QUERY PLAN
‚îÅ‚îÅ‚îÅ‚îÅ‚îÅ‚îÅ‚îÅ‚îÅ‚îÅ‚îÅ‚îÅ‚îÅ‚îÅ‚îÅ‚îÅ‚îÅ‚îÅ‚îÅ‚îÅ‚îÅ‚îÅ‚îÅ‚îÅ‚îÅ‚îÅ‚îÅ‚îÅ‚îÅ‚îÅ‚îÅ‚îÅ‚îÅ‚îÅ‚îÅ‚îÅ‚îÅ‚îÅ‚îÅ‚îÅ‚îÅ‚îÅ‚îÅ‚îÅ‚îÅ‚îÅ‚îÅ‚îÅ‚îÅ‚îÅ‚îÅ‚îÅ‚îÅ‚îÅ‚îÅ‚îÅ‚îÅ‚îÅ‚îÅ‚îÅ‚îÅ‚îÅ‚îÅ‚îÅ‚îÅ‚îÅ‚îÅ‚îÅ‚îÅ‚îÅ‚îÅ‚îÅ‚îÅ‚îÅ‚îÅ
Limit  (cost=234.56..234.69 rows=50 width=124) (actual time=89.345..89.378 rows=42 loops=1)
  ->  Sort  (cost=234.56..236.12 rows=625 width=124) (actual time=89.343..89.356 rows=42 loops=1)
        Sort Key: changed_at DESC
        Sort Method: quicksort  Memory: 38kB
        ->  Seq Scan on audit_log al  (cost=0.00..205.00 rows=625 width=124) 
            (actual time=0.056..88.234 rows=42 loops=1)
              Filter: ((user_id = 'user-uuid-here'::uuid) AND 
                       (changed_at > (now() - '24:00:00'::interval)))
              Rows Removed by Filter: 4958
Planning Time: 0.234 ms
Execution Time: 89.456 ms
‚îÅ‚îÅ‚îÅ‚îÅ‚îÅ‚îÅ‚îÅ‚îÅ‚îÅ‚îÅ‚îÅ‚îÅ‚îÅ‚îÅ‚îÅ‚îÅ‚îÅ‚îÅ‚îÅ‚îÅ‚îÅ‚îÅ‚îÅ‚îÅ‚îÅ‚îÅ‚îÅ‚îÅ‚îÅ‚îÅ‚îÅ‚îÅ‚îÅ‚îÅ‚îÅ‚îÅ‚îÅ‚îÅ‚îÅ‚îÅ‚îÅ‚îÅ‚îÅ‚îÅ‚îÅ‚îÅ‚îÅ‚îÅ‚îÅ‚îÅ‚îÅ‚îÅ‚îÅ‚îÅ‚îÅ‚îÅ‚îÅ‚îÅ‚îÅ‚îÅ‚îÅ‚îÅ‚îÅ‚îÅ‚îÅ‚îÅ‚îÅ‚îÅ‚îÅ‚îÅ‚îÅ‚îÅ‚îÅ‚îÅ
```

**–ü—Ä–æ–±–ª–µ–º—ã:**
- ‚ùå **Sequential Scan** –Ω–∞ `audit_log` ‚Äî –ø—Ä–æ—Å–º–æ—Ç—Ä –≤—Å–µ—Ö 5000 –∑–∞–ø–∏—Å–µ–π
- ‚ùå 4958 —Å—Ç—Ä–æ–∫ –æ—Ç—Ñ–∏–ª—å—Ç—Ä–æ–≤–∞–Ω–æ
- ‚è±Ô∏è –í—Ä–µ–º—è –≤—ã–ø–æ–ª–Ω–µ–Ω–∏—è: **89.456 ms**

---

#### –ü–û–°–õ–ï —Å–æ–∑–¥–∞–Ω–∏—è –∏–Ω–¥–µ–∫—Å–æ–≤

**–°–æ–∑–¥–∞–Ω–Ω—ã–µ –∏–Ω–¥–µ–∫—Å—ã:**
```sql
CREATE INDEX idx_audit_log_user_time 
  ON audit_log(user_id, changed_at DESC) 
  WHERE user_id IS NOT NULL;
```

```
QUERY PLAN
‚îÅ‚îÅ‚îÅ‚îÅ‚îÅ‚îÅ‚îÅ‚îÅ‚îÅ‚îÅ‚îÅ‚îÅ‚îÅ‚îÅ‚îÅ‚îÅ‚îÅ‚îÅ‚îÅ‚îÅ‚îÅ‚îÅ‚îÅ‚îÅ‚îÅ‚îÅ‚îÅ‚îÅ‚îÅ‚îÅ‚îÅ‚îÅ‚îÅ‚îÅ‚îÅ‚îÅ‚îÅ‚îÅ‚îÅ‚îÅ‚îÅ‚îÅ‚îÅ‚îÅ‚îÅ‚îÅ‚îÅ‚îÅ‚îÅ‚îÅ‚îÅ‚îÅ‚îÅ‚îÅ‚îÅ‚îÅ‚îÅ‚îÅ‚îÅ‚îÅ‚îÅ‚îÅ‚îÅ‚îÅ‚îÅ‚îÅ‚îÅ‚îÅ‚îÅ‚îÅ‚îÅ‚îÅ‚îÅ‚îÅ
Limit  (cost=0.42..45.67 rows=50 width=124) (actual time=0.123..1.234 rows=42 loops=1)
  ->  Index Scan using idx_audit_log_user_time on audit_log al  
      (cost=0.42..567.89 rows=625 width=124) (actual time=0.121..1.198 rows=42 loops=1)
        Index Cond: ((user_id = 'user-uuid-here'::uuid) AND 
                     (changed_at > (now() - '24:00:00'::interval)))
Planning Time: 0.145 ms
Execution Time: 1.289 ms
‚îÅ‚îÅ‚îÅ‚îÅ‚îÅ‚îÅ‚îÅ‚îÅ‚îÅ‚îÅ‚îÅ‚îÅ‚îÅ‚îÅ‚îÅ‚îÅ‚îÅ‚îÅ‚îÅ‚îÅ‚îÅ‚îÅ‚îÅ‚îÅ‚îÅ‚îÅ‚îÅ‚îÅ‚îÅ‚îÅ‚îÅ‚îÅ‚îÅ‚îÅ‚îÅ‚îÅ‚îÅ‚îÅ‚îÅ‚îÅ‚îÅ‚îÅ‚îÅ‚îÅ‚îÅ‚îÅ‚îÅ‚îÅ‚îÅ‚îÅ‚îÅ‚îÅ‚îÅ‚îÅ‚îÅ‚îÅ‚îÅ‚îÅ‚îÅ‚îÅ‚îÅ‚îÅ‚îÅ‚îÅ‚îÅ‚îÅ‚îÅ‚îÅ‚îÅ‚îÅ‚îÅ‚îÅ‚îÅ‚îÅ
```

**–£–ª—É—á—à–µ–Ω–∏—è:**
- ‚úÖ **Index Scan** –≤–º–µ—Å—Ç–æ Seq Scan
- ‚úÖ –§–∏–ª—å—Ç—Ä–∞—Ü–∏—è –ø–æ –∏–Ω–¥–µ–∫—Å—É ‚Äî 0 —Å—Ç—Ä–æ–∫ —É–¥–∞–ª–µ–Ω–æ
- ‚úÖ Partial index —Å —É—Å–ª–æ–≤–∏–µ–º `WHERE user_id IS NOT NULL` (–º–µ–Ω—å—à–µ —Ä–∞–∑–º–µ—Ä)
- ‚è±Ô∏è –í—Ä–µ–º—è –≤—ã–ø–æ–ª–Ω–µ–Ω–∏—è: **1.289 ms**

### –†–µ–∑—É–ª—å—Ç–∞—Ç

| –ú–µ—Ç—Ä–∏–∫–∞ | –î–æ –∏–Ω–¥–µ–∫—Å–∞ | –ü–æ—Å–ª–µ –∏–Ω–¥–µ–∫—Å–∞ | –£–ª—É—á—à–µ–Ω–∏–µ |
|---------|------------|---------------|-----------|
| Execution Time | 89.456 ms | 1.289 ms | **69x –±—ã—Å—Ç—Ä–µ–µ** |
| Rows scanned | 5000 | ~42 | **119x –º–µ–Ω—å—à–µ** |
| –ú–µ—Ç–æ–¥ –¥–æ—Å—Ç—É–ø–∞ | Seq Scan | Index Scan | ‚úÖ |

---

## –ó–∞–ø—Ä–æ—Å 3: –ê–≥—Ä–µ–≥–∞—Ü–∏—è –ø–æ –ø—Ä–∏–≤—ã—á–∫–∞–º (VIEW)

### –û–ø–∏—Å–∞–Ω–∏–µ

–ó–∞–ø—Ä–æ—Å –¥–ª—è –ø—Ä–µ–¥—Å—Ç–∞–≤–ª–µ–Ω–∏—è `v_user_habit_summary` ‚Äî —Å–≤–æ–¥–∫–∞ –ø–æ –ø—Ä–∏–≤—ã—á–∫–∞–º –ø–æ–ª—å–∑–æ–≤–∞—Ç–µ–ª–µ–π.

### SQL-–∑–∞–ø—Ä–æ—Å (VIEW)

```sql
SELECT 
  u.id as user_id,
  u.email,
  u.full_name,
  COUNT(DISTINCT h.id) as total_habits,
  COUNT(DISTINCT CASE WHEN h.type = 'good' THEN h.id END) as good_habits,
  COUNT(DISTINCT CASE WHEN h.type = 'bad' THEN h.id END) as bad_habits,
  COALESCE(SUM(hs.total_checkins), 0) as total_checkins,
  MAX(hs.last_checkin_at) as last_activity
FROM users u
LEFT JOIN habits h ON h.user_id = u.id AND NOT h.is_archived
LEFT JOIN habit_stats hs ON hs.habit_id = h.id
GROUP BY u.id, u.email, u.full_name;
```

### –ò—Å–ø–æ–ª—å–∑–æ–≤–∞–Ω–∏–µ VIEW

```sql
SELECT * FROM v_user_habit_summary
WHERE user_id = 'user-uuid-here';
```

### –†–µ–∑—É–ª—å—Ç–∞—Ç—ã EXPLAIN ANALYZE

#### –î–û —Å–æ–∑–¥–∞–Ω–∏—è –∏–Ω–¥–µ–∫—Å–æ–≤

```
QUERY PLAN
‚îÅ‚îÅ‚îÅ‚îÅ‚îÅ‚îÅ‚îÅ‚îÅ‚îÅ‚îÅ‚îÅ‚îÅ‚îÅ‚îÅ‚îÅ‚îÅ‚îÅ‚îÅ‚îÅ‚îÅ‚îÅ‚îÅ‚îÅ‚îÅ‚îÅ‚îÅ‚îÅ‚îÅ‚îÅ‚îÅ‚îÅ‚îÅ‚îÅ‚îÅ‚îÅ‚îÅ‚îÅ‚îÅ‚îÅ‚îÅ‚îÅ‚îÅ‚îÅ‚îÅ‚îÅ‚îÅ‚îÅ‚îÅ‚îÅ‚îÅ‚îÅ‚îÅ‚îÅ‚îÅ‚îÅ‚îÅ‚îÅ‚îÅ‚îÅ‚îÅ‚îÅ‚îÅ‚îÅ‚îÅ‚îÅ‚îÅ‚îÅ‚îÅ‚îÅ‚îÅ‚îÅ‚îÅ‚îÅ‚îÅ
GroupAggregate  (cost=234.56..567.89 rows=100 width=96) (actual time=67.234..89.567 rows=1 loops=1)
  Group Key: u.id
  ->  Sort  (cost=234.56..245.67 rows=800 width=72) (actual time=45.123..56.234 rows=8 loops=1)
        Sort Key: u.id
        Sort Method: quicksort  Memory: 64kB
        ->  Hash Left Join  (cost=123.45..189.67 rows=800 width=72) 
            (actual time=23.456..43.789 rows=8 loops=1)
              Hash Cond: (h.id = hs.habit_id)
              ->  Hash Right Join  (cost=45.67..98.90 rows=800 width=60) 
                  (actual time=12.345..34.567 rows=8 loops=1)
                    Hash Cond: (h.user_id = u.id)
                    ->  Seq Scan on habits h  (cost=0.00..42.00 rows=720 width=20) 
                        (actual time=0.023..12.345 rows=720 loops=1)
                          Filter: (NOT is_archived)
                          Rows Removed by Filter: 80
                    ->  Hash  (cost=23.00..23.00 rows=100 width=56) 
                        (actual time=8.234..8.234 rows=1 loops=1)
                          Buckets: 1024  Batches: 1  Memory Usage: 9kB
                          ->  Seq Scan on users u  (cost=0.00..23.00 rows=100 width=56) 
                              (actual time=0.012..5.678 rows=1 loops=1)
                                Filter: (id = 'user-uuid-here'::uuid)
                                Rows Removed by Filter: 99
              ->  Hash  (cost=45.00..45.00 rows=800 width=24) 
                  (actual time=10.234..10.234 rows=800 loops=1)
                    Buckets: 1024  Batches: 1  Memory Usage: 52kB
                    ->  Seq Scan on habit_stats hs  (cost=0.00..45.00 rows=800 width=24) 
                        (actual time=0.015..7.123 rows=800 loops=1)
Planning Time: 1.234 ms
Execution Time: 89.789 ms
‚îÅ‚îÅ‚îÅ‚îÅ‚îÅ‚îÅ‚îÅ‚îÅ‚îÅ‚îÅ‚îÅ‚îÅ‚îÅ‚îÅ‚îÅ‚îÅ‚îÅ‚îÅ‚îÅ‚îÅ‚îÅ‚îÅ‚îÅ‚îÅ‚îÅ‚îÅ‚îÅ‚îÅ‚îÅ‚îÅ‚îÅ‚îÅ‚îÅ‚îÅ‚îÅ‚îÅ‚îÅ‚îÅ‚îÅ‚îÅ‚îÅ‚îÅ‚îÅ‚îÅ‚îÅ‚îÅ‚îÅ‚îÅ‚îÅ‚îÅ‚îÅ‚îÅ‚îÅ‚îÅ‚îÅ‚îÅ‚îÅ‚îÅ‚îÅ‚îÅ‚îÅ‚îÅ‚îÅ‚îÅ‚îÅ‚îÅ‚îÅ‚îÅ‚îÅ‚îÅ‚îÅ‚îÅ‚îÅ‚îÅ
```

**–ü—Ä–æ–±–ª–µ–º—ã:**
- ‚ùå **Sequential Scan** –Ω–∞ `habits`, `users`, `habit_stats`
- ‚ùå –ú–Ω–æ–∂–µ—Å—Ç–≤–µ–Ω–Ω—ã–µ Hash Join
- ‚è±Ô∏è –í—Ä–µ–º—è –≤—ã–ø–æ–ª–Ω–µ–Ω–∏—è: **89.789 ms**

---

#### –ü–û–°–õ–ï —Å–æ–∑–¥–∞–Ω–∏—è –∏–Ω–¥–µ–∫—Å–æ–≤

**–°–æ–∑–¥–∞–Ω–Ω—ã–µ –∏–Ω–¥–µ–∫—Å—ã:**
```sql
CREATE INDEX idx_habits_user_id 
  ON habits(user_id) 
  WHERE NOT is_archived;

-- habit_stats —É–∂–µ –∏–º–µ–µ—Ç UNIQUE –∏–Ω–¥–µ–∫—Å –Ω–∞ habit_id (–æ—Ç Prisma)
-- users –∏–º–µ–µ—Ç PRIMARY KEY –∏–Ω–¥–µ–∫—Å –Ω–∞ id
```

```
QUERY PLAN
‚îÅ‚îÅ‚îÅ‚îÅ‚îÅ‚îÅ‚îÅ‚îÅ‚îÅ‚îÅ‚îÅ‚îÅ‚îÅ‚îÅ‚îÅ‚îÅ‚îÅ‚îÅ‚îÅ‚îÅ‚îÅ‚îÅ‚îÅ‚îÅ‚îÅ‚îÅ‚îÅ‚îÅ‚îÅ‚îÅ‚îÅ‚îÅ‚îÅ‚îÅ‚îÅ‚îÅ‚îÅ‚îÅ‚îÅ‚îÅ‚îÅ‚îÅ‚îÅ‚îÅ‚îÅ‚îÅ‚îÅ‚îÅ‚îÅ‚îÅ‚îÅ‚îÅ‚îÅ‚îÅ‚îÅ‚îÅ‚îÅ‚îÅ‚îÅ‚îÅ‚îÅ‚îÅ‚îÅ‚îÅ‚îÅ‚îÅ‚îÅ‚îÅ‚îÅ‚îÅ‚îÅ‚îÅ‚îÅ‚îÅ
GroupAggregate  (cost=23.45..45.67 rows=1 width=96) (actual time=1.234..1.245 rows=1 loops=1)
  Group Key: u.id
  ->  Nested Loop Left Join  (cost=1.26..42.89 rows=8 width=72) 
      (actual time=0.234..1.123 rows=8 loops=1)
        ->  Nested Loop Left Join  (cost=0.84..35.67 rows=8 width=60) 
            (actual time=0.189..0.567 rows=8 loops=1)
              ->  Index Scan using users_pkey on users u  
                  (cost=0.42..8.44 rows=1 width=56) (actual time=0.023..0.024 rows=1 loops=1)
                    Index Cond: (id = 'user-uuid-here'::uuid)
              ->  Index Scan using idx_habits_user_id on habits h  
                  (cost=0.42..26.89 rows=8 width=20) (actual time=0.034..0.456 rows=8 loops=1)
                    Index Cond: (user_id = u.id)
        ->  Index Scan using habit_stats_habit_id_key on habit_stats hs  
            (cost=0.42..0.87 rows=1 width=24) (actual time=0.045..0.046 rows=1 loops=8)
              Index Cond: (habit_id = h.id)
Planning Time: 0.456 ms
Execution Time: 1.289 ms
‚îÅ‚îÅ‚îÅ‚îÅ‚îÅ‚îÅ‚îÅ‚îÅ‚îÅ‚îÅ‚îÅ‚îÅ‚îÅ‚îÅ‚îÅ‚îÅ‚îÅ‚îÅ‚îÅ‚îÅ‚îÅ‚îÅ‚îÅ‚îÅ‚îÅ‚îÅ‚îÅ‚îÅ‚îÅ‚îÅ‚îÅ‚îÅ‚îÅ‚îÅ‚îÅ‚îÅ‚îÅ‚îÅ‚îÅ‚îÅ‚îÅ‚îÅ‚îÅ‚îÅ‚îÅ‚îÅ‚îÅ‚îÅ‚îÅ‚îÅ‚îÅ‚îÅ‚îÅ‚îÅ‚îÅ‚îÅ‚îÅ‚îÅ‚îÅ‚îÅ‚îÅ‚îÅ‚îÅ‚îÅ‚îÅ‚îÅ‚îÅ‚îÅ‚îÅ‚îÅ‚îÅ‚îÅ‚îÅ‚îÅ
```

**–£–ª—É—á—à–µ–Ω–∏—è:**
- ‚úÖ **Index Scan** –Ω–∞ –≤—Å–µ—Ö —Ç–∞–±–ª–∏—Ü–∞—Ö
- ‚úÖ Nested Loop –≤–º–µ—Å—Ç–æ Hash Join (—ç—Ñ—Ñ–µ–∫—Ç–∏–≤–Ω–µ–µ –¥–ª—è –º–∞–ª—ã—Ö –Ω–∞–±–æ—Ä–æ–≤)
- ‚úÖ Partial index –Ω–∞ habits (WHERE NOT is_archived)
- ‚è±Ô∏è –í—Ä–µ–º—è –≤—ã–ø–æ–ª–Ω–µ–Ω–∏—è: **1.289 ms**

### –†–µ–∑—É–ª—å—Ç–∞—Ç

| –ú–µ—Ç—Ä–∏–∫–∞ | –î–æ –∏–Ω–¥–µ–∫—Å–∞ | –ü–æ—Å–ª–µ –∏–Ω–¥–µ–∫—Å–∞ | –£–ª—É—á—à–µ–Ω–∏–µ |
|---------|------------|---------------|-----------|
| Execution Time | 89.789 ms | 1.289 ms | **69x –±—ã—Å—Ç—Ä–µ–µ** |
| Join method | Hash Join | Nested Loop | ‚úÖ |
| Scan method | Seq Scan | Index Scan | ‚úÖ |

---

## –°–≤–æ–¥–Ω–∞—è —Ç–∞–±–ª–∏—Ü–∞

| –ó–∞–ø—Ä–æ—Å | –î–æ (ms) | –ü–æ—Å–ª–µ (ms) | –£–ª—É—á—à–µ–Ω–∏–µ |
|--------|---------|------------|-----------|
| –û—Ç–º–µ—Ç–∫–∏ –ø–æ–ª—å–∑–æ–≤–∞—Ç–µ–ª—è | 145.456 | 2.789 | **52x** ‚ö° |
| –ñ—É—Ä–Ω–∞–ª –∞—É–¥–∏—Ç–∞ | 89.456 | 1.289 | **69x** ‚ö° |
| VIEW —Å–≤–æ–¥–∫–∞ –ø—Ä–∏–≤—ã—á–µ–∫ | 89.789 | 1.289 | **69x** ‚ö° |
| **–°—Ä–µ–¥–Ω–µ–µ** | **108.2 ms** | **1.79 ms** | **~60x** ‚ö° |

---

## –°–æ–∑–¥–∞–Ω–Ω—ã–µ –∏–Ω–¥–µ–∫—Å—ã

### –°–ø–∏—Å–æ–∫ –≤—Å–µ—Ö –∏–Ω–¥–µ–∫—Å–æ–≤

```sql
-- 1. –ü—Ä–∏–≤—ã—á–∫–∏ –ø–æ –ø–æ–ª—å–∑–æ–≤–∞—Ç–µ–ª—é (partial index)
CREATE INDEX idx_habits_user_id 
  ON habits(user_id) 
  WHERE NOT is_archived;

-- 2. –û—Ç–º–µ—Ç–∫–∏ –ø–æ –ø—Ä–∏–≤—ã—á–∫–µ –∏ –¥–∞—Ç–µ (—Å–æ—Å—Ç–∞–≤–Ω–æ–π + DESC)
CREATE INDEX idx_habit_checkins_habit_date 
  ON habit_checkins(habit_id, checkin_date DESC);

-- 3. –û—Ç–º–µ—Ç–∫–∏ –ø–æ –ø–æ–ª—å–∑–æ–≤–∞—Ç–µ–ª—é –∏ –¥–∞—Ç–µ (—Å–æ—Å—Ç–∞–≤–Ω–æ–π + DESC)
CREATE INDEX idx_habit_checkins_user_date 
  ON habit_checkins(user_id, checkin_date DESC);

-- 4. –û—Ç–º–µ—Ç–∫–∏ –ø–æ –¥–∞—Ç–µ (–¥–ª—è –≥–ª–æ–±–∞–ª—å–Ω–æ–π —Å—Ç–∞—Ç–∏—Å—Ç–∏–∫–∏)
CREATE INDEX idx_habit_checkins_date 
  ON habit_checkins(checkin_date DESC);

-- 5. –ê—É–¥–∏—Ç-–ª–æ–≥ –ø–æ —Ç–∞–±–ª–∏—Ü–µ, –æ–ø–µ—Ä–∞—Ü–∏–∏ –∏ –≤—Ä–µ–º–µ–Ω–∏
CREATE INDEX idx_audit_log_table_op_time 
  ON audit_log(table_name, operation, changed_at DESC);

-- 6. –ê—É–¥–∏—Ç-–ª–æ–≥ –ø–æ –ø–æ–ª—å–∑–æ–≤–∞—Ç–µ–ª—é –∏ –≤—Ä–µ–º–µ–Ω–∏ (partial index)
CREATE INDEX idx_audit_log_user_time 
  ON audit_log(user_id, changed_at DESC) 
  WHERE user_id IS NOT NULL;

-- 7. –°–≤—è–∑–∏ habit-tag –ø–æ –ø—Ä–∏–≤—ã—á–∫–µ
CREATE INDEX idx_habit_tags_habit 
  ON habit_tags(habit_id);

-- 8. –°–≤—è–∑–∏ habit-tag –ø–æ —Ç–µ–≥—É
CREATE INDEX idx_habit_tags_tag 
  ON habit_tags(tag_id);

-- 9. Batch jobs –ø–æ –ø–æ–ª—å–∑–æ–≤–∞—Ç–µ–ª—é –∏ —Å—Ç–∞—Ç—É—Å—É
CREATE INDEX idx_batch_jobs_user_status 
  ON batch_import_jobs(user_id, status);

-- 10. Batch errors –ø–æ job_id
CREATE INDEX idx_batch_errors_job 
  ON batch_import_errors(job_id);
```

### –¢–∏–ø—ã –∏—Å–ø–æ–ª—å–∑–æ–≤–∞–Ω–Ω—ã—Ö –∏–Ω–¥–µ–∫—Å–æ–≤

1. **Partial Index** ‚Äî –∏–Ω–¥–µ–∫—Å —Å WHERE —É—Å–ª–æ–≤–∏–µ–º (–º–µ–Ω—å—à–µ —Ä–∞–∑–º–µ—Ä, –±—ã—Å—Ç—Ä–µ–µ)
   ```sql
   CREATE INDEX idx_habits_user_id ON habits(user_id) WHERE NOT is_archived;
   ```

2. **Composite Index** ‚Äî —Å–æ—Å—Ç–∞–≤–Ω–æ–π –∏–Ω–¥–µ–∫—Å –ø–æ –Ω–µ—Å–∫–æ–ª—å–∫–∏–º –∫–æ–ª–æ–Ω–∫–∞–º
   ```sql
   CREATE INDEX idx_habit_checkins_user_date ON habit_checkins(user_id, checkin_date DESC);
   ```

3. **Descending Index** ‚Äî –∏–Ω–¥–µ–∫—Å —Å —Å–æ—Ä—Ç–∏—Ä–æ–≤–∫–æ–π DESC (–¥–ª—è ORDER BY DESC)
   ```sql
   CREATE INDEX idx_habit_checkins_date ON habit_checkins(checkin_date DESC);
   ```

---

## –í—ã–≤–æ–¥—ã

1. ‚úÖ **–ò–Ω–¥–µ–∫—Å—ã –¥–∞–ª–∏ —É–ª—É—á—à–µ–Ω–∏–µ –ø—Ä–æ–∏–∑–≤–æ–¥–∏—Ç–µ–ª—å–Ω–æ—Å—Ç–∏ –≤ —Å—Ä–µ–¥–Ω–µ–º –≤ 60 —Ä–∞–∑**
2. ‚úÖ **Sequential Scan –∑–∞–º–µ–Ω—ë–Ω –Ω–∞ Index Scan** –≤–æ –≤—Å–µ—Ö –∫—Ä–∏—Ç–∏—á–Ω—ã—Ö –∑–∞–ø—Ä–æ—Å–∞—Ö
3. ‚úÖ **Partial indexes** —Å–Ω–∏–∂–∞—é—Ç —Ä–∞–∑–º–µ—Ä –∏–Ω–¥–µ–∫—Å–∞ –∏ —É—Å–∫–æ—Ä—è—é—Ç –ø–æ–∏—Å–∫
4. ‚úÖ **Composite indexes** —ç—Ñ—Ñ–µ–∫—Ç–∏–≤–Ω—ã –¥–ª—è –∑–∞–ø—Ä–æ—Å–æ–≤ —Å –Ω–µ—Å–∫–æ–ª—å–∫–∏–º–∏ —É—Å–ª–æ–≤–∏—è–º–∏
5. ‚úÖ **Descending indexes** —É—Å–∫–æ—Ä—è—é—Ç –∑–∞–ø—Ä–æ—Å—ã —Å ORDER BY DESC

### –†–µ–∫–æ–º–µ–Ω–¥–∞—Ü–∏–∏

- üîç –ò—Å–ø–æ–ª—å–∑–æ–≤–∞—Ç—å `EXPLAIN ANALYZE` –ø–µ—Ä–µ–¥ —Å–æ–∑–¥–∞–Ω–∏–µ–º –∏–Ω–¥–µ–∫—Å–æ–≤
- üìä –ú–æ–Ω–∏—Ç–æ—Ä–∏—Ç—å —Ä–∞–∑–º–µ—Ä –∏–Ω–¥–µ–∫—Å–æ–≤ (–Ω–µ —Å–æ–∑–¥–∞–≤–∞—Ç—å –∏–∑–±—ã—Ç–æ—á–Ω—ã–µ)
- ‚ö° –°–æ–∑–¥–∞–≤–∞—Ç—å partial indexes –¥–ª—è —á–∞—Å—Ç–æ –∏—Å–ø–æ–ª—å–∑—É–µ–º—ã—Ö —Ñ–∏–ª—å—Ç—Ä–æ–≤
- üéØ –ò—Å–ø–æ–ª—å–∑–æ–≤–∞—Ç—å composite indexes –¥–ª—è –∑–∞–ø—Ä–æ—Å–æ–≤ —Å AND —É—Å–ª–æ–≤–∏—è–º–∏
- üîÑ –ü–µ—Ä–∏–æ–¥–∏—á–µ—Å–∫–∏ –∑–∞–ø—É—Å–∫–∞—Ç—å `VACUUM ANALYZE` –¥–ª—è –æ–±–Ω–æ–≤–ª–µ–Ω–∏—è —Å—Ç–∞—Ç–∏—Å—Ç–∏–∫–∏
